#
# There is insufficient memory for the Java Runtime Environment to continue.
# Native memory allocation (malloc) failed to allocate 32744 bytes for ChunkPool::allocate
# Possible reasons:
#   The system is out of physical RAM or swap space
#   The process is running with CompressedOops enabled, and the Java Heap may be blocking the growth of the native heap
# Possible solutions:
#   Reduce memory load on the system
#   Increase physical memory or swap space
#   Check if swap backing store is full
#   Decrease Java heap size (-Xmx/-Xms)
#   Decrease number of Java threads
#   Decrease Java thread stack sizes (-Xss)
#   Set larger code cache with -XX:ReservedCodeCacheSize=
#   JVM is running with Unscaled Compressed Oops mode in which the Java heap is
#     placed in the first 4GB address space. The Java Heap base address is the
#     maximum limit for the native heap growth. Please use -XX:HeapBaseMinAddress
#     to set the Java Heap base and to place the Java Heap above 4GB virtual address.
# This output file may be truncated or incomplete.
#
#  Out of Memory Error (arena.cpp:78), pid=14840, tid=15328
#
# JRE version: OpenJDK Runtime Environment (17.0.1+12) (build 17.0.1+12-39)
# Java VM: OpenJDK 64-Bit Server VM (17.0.1+12-39, mixed mode, sharing, tiered, compressed oops, compressed class ptrs, g1 gc, windows-amd64)
# No core dump will be written. Minidumps are not enabled by default on client versions of Windows
#

---------------  S U M M A R Y ------------

Command Line: -javaagent:C:\Program Files\JetBrains\IntelliJ IDEA 2021.2.3\lib\idea_rt.jar=54506:C:\Program Files\JetBrains\IntelliJ IDEA 2021.2.3\bin -Dfile.encoding=UTF-8 com.prilis.CallStat

Host: AMD Ryzen 3 3200U with Radeon Vega Mobile Gfx  , 4 cores, 5G,  Windows 10 , 64 bit Build 22000 (10.0.22000.318)
Time: Fri Dec  3 12:37:50 2021  Windows 10 , 64 bit Build 22000 (10.0.22000.318) elapsed time: 0.239532 seconds (0d 0h 0m 0s)

---------------  T H R E A D  ---------------

Current thread (0x00000168d117d700):  JavaThread "C1 CompilerThread0" daemon [_thread_in_native, id=15328, stack(0x0000004f45800000,0x0000004f45900000)]


Current CompileTask:
C1:    239  110       3       java.util.concurrent.ConcurrentHashMap::addCount (280 bytes)

Stack: [0x0000004f45800000,0x0000004f45900000]
Native frames: (J=compiled Java code, j=interpreted, Vv=VM code, C=native code)
V  [jvm.dll+0x66fa1a]
V  [jvm.dll+0x7ce5a4]
V  [jvm.dll+0x7cfd4e]
V  [jvm.dll+0x7d03b3]
V  [jvm.dll+0x242b05]
V  [jvm.dll+0xaa2a0]
V  [jvm.dll+0xaa5ec]
V  [jvm.dll+0x11a145]
V  [jvm.dll+0x177ace]
V  [jvm.dll+0x178093]
V  [jvm.dll+0x1323c3]
V  [jvm.dll+0x131cbf]
V  [jvm.dll+0x131ef6]
V  [jvm.dll+0x13138a]
V  [jvm.dll+0x133051]
V  [jvm.dll+0x224848]
V  [jvm.dll+0x2229ac]
V  [jvm.dll+0x78435b]
V  [jvm.dll+0x77e91a]
V  [jvm.dll+0x66e845]
C  [ucrtbase.dll+0x26c0c]
C  [KERNEL32.DLL+0x154e0]
C  [ntdll.dll+0x485b]


---------------  P R O C E S S  ---------------

Threads class SMR info:
_java_thread_list=0x00000168d120c280, length=11, elements={
0x00000168b4c81480, 0x00000168b4d4fe30, 0x00000168b4d50ca0, 0x00000168d11781a0,
0x00000168d1179b60, 0x00000168d117a510, 0x00000168d117bed0, 0x00000168d117cc60,
0x00000168d117d700, 0x00000168d11f3ef0, 0x00000168d116cd40
}

Java Threads: ( => current thread )
  0x00000168b4c81480 JavaThread "main" [_thread_in_vm, id=3900, stack(0x0000004f44a00000,0x0000004f44b00000)]
  0x00000168b4d4fe30 JavaThread "Reference Handler" daemon [_thread_blocked, id=4300, stack(0x0000004f45100000,0x0000004f45200000)]
  0x00000168b4d50ca0 JavaThread "Finalizer" daemon [_thread_blocked, id=14584, stack(0x0000004f45200000,0x0000004f45300000)]
  0x00000168d11781a0 JavaThread "Signal Dispatcher" daemon [_thread_blocked, id=12500, stack(0x0000004f45300000,0x0000004f45400000)]
  0x00000168d1179b60 JavaThread "Attach Listener" daemon [_thread_blocked, id=8280, stack(0x0000004f45400000,0x0000004f45500000)]
  0x00000168d117a510 JavaThread "Service Thread" daemon [_thread_blocked, id=1796, stack(0x0000004f45500000,0x0000004f45600000)]
  0x00000168d117bed0 JavaThread "Monitor Deflation Thread" daemon [_thread_blocked, id=6468, stack(0x0000004f45600000,0x0000004f45700000)]
  0x00000168d117cc60 JavaThread "C2 CompilerThread0" daemon [_thread_blocked, id=11832, stack(0x0000004f45700000,0x0000004f45800000)]
=>0x00000168d117d700 JavaThread "C1 CompilerThread0" daemon [_thread_in_native, id=15328, stack(0x0000004f45800000,0x0000004f45900000)]
  0x00000168d11f3ef0 JavaThread "Sweeper thread" daemon [_thread_blocked, id=9448, stack(0x0000004f45900000,0x0000004f45a00000)]
  0x00000168d116cd40 JavaThread "Common-Cleaner" daemon [_thread_blocked, id=12960, stack(0x0000004f45a00000,0x0000004f45b00000)]

Other Threads:
  0x00000168b4d46b40 VMThread "VM Thread" [stack: 0x0000004f45000000,0x0000004f45100000] [id=7644]
  0x00000168b2bde6e0 GCTaskThread "GC Thread#0" [stack: 0x0000004f44b00000,0x0000004f44c00000] [id=7524]
  0x00000168b4cbf490 ConcurrentGCThread "G1 Main Marker" [stack: 0x0000004f44c00000,0x0000004f44d00000] [id=12884]
  0x00000168b4cbfcb0 ConcurrentGCThread "G1 Conc#0" [stack: 0x0000004f44d00000,0x0000004f44e00000] [id=13712]
  0x00000168b4d23360 ConcurrentGCThread "G1 Refine#0" [stack: 0x0000004f44e00000,0x0000004f44f00000] [id=13052]
  0x00000168b4d23d80 ConcurrentGCThread "G1 Service" [stack: 0x0000004f44f00000,0x0000004f45000000] [id=15172]

Threads with active compile tasks:
C1 CompilerThread0      270  110       3       java.util.concurrent.ConcurrentHashMap::addCount (280 bytes)

VM state: not at safepoint (normal execution)

VM Mutex/Monitor currently owned by a thread: None

Heap address: 0x00000000a0e00000, size: 1522 MB, Compressed Oops mode: 32-bit

CDS archive(s) mapped at: [0x0000000800000000-0x0000000800bc0000-0x0000000800bc0000), size 12320768, SharedBaseAddress: 0x0000000800000000, ArchiveRelocationMode: 0.
Compressed class space mapped at: 0x0000000800c00000-0x0000000840c00000, reserved size: 1073741824
Narrow klass base: 0x0000000800000000, Narrow klass shift: 0, Narrow klass range: 0x100000000

GC Precious Log:
 CPUs: 4 total, 4 available
 Memory: 6082M
 Large Page Support: Disabled
 NUMA Support: Disabled
 Compressed Oops: Enabled (32-bit)
 Heap Region Size: 1M
 Heap Min Capacity: 8M
 Heap Initial Capacity: 96M
 Heap Max Capacity: 1522M
 Pre-touch: Disabled
 Parallel Workers: 4
 Concurrent Workers: 1
 Concurrent Refinement Workers: 4
 Periodic GC: Disabled

Heap:
 garbage-first heap   total 98304K, used 1024K [0x00000000a0e00000, 0x0000000100000000)
  region size 1024K, 2 young (2048K), 0 survivors (0K)
 Metaspace       used 191K, committed 384K, reserved 1056768K
  class space    used 5K, committed 128K, reserved 1048576K

Heap Regions: E=young(eden), S=young(survivor), O=old, HS=humongous(starts), HC=humongous(continues), CS=collection set, F=free, OA=open archive, CA=closed archive, TAMS=top-at-mark-start (previous, next)
|   0|0x00000000a0e00000, 0x00000000a0e00000, 0x00000000a0f00000|  0%| F|  |TAMS 0x00000000a0e00000, 0x00000000a0e00000| Untracked 
|   1|0x00000000a0f00000, 0x00000000a0f00000, 0x00000000a1000000|  0%| F|  |TAMS 0x00000000a0f00000, 0x00000000a0f00000| Untracked 
|   2|0x00000000a1000000, 0x00000000a1000000, 0x00000000a1100000|  0%| F|  |TAMS 0x00000000a1000000, 0x00000000a1000000| Untracked 
|   3|0x00000000a1100000, 0x00000000a1100000, 0x00000000a1200000|  0%| F|  |TAMS 0x00000000a1100000, 0x00000000a1100000| Untracked 
|   4|0x00000000a1200000, 0x00000000a1200000, 0x00000000a1300000|  0%| F|  |TAMS 0x00000000a1200000, 0x00000000a1200000| Untracked 
|   5|0x00000000a1300000, 0x00000000a1300000, 0x00000000a1400000|  0%| F|  |TAMS 0x00000000a1300000, 0x00000000a1300000| Untracked 
|   6|0x00000000a1400000, 0x00000000a1400000, 0x00000000a1500000|  0%| F|  |TAMS 0x00000000a1400000, 0x00000000a1400000| Untracked 
|   7|0x00000000a1500000, 0x00000000a1500000, 0x00000000a1600000|  0%| F|  |TAMS 0x00000000a1500000, 0x00000000a1500000| Untracked 
|   8|0x00000000a1600000, 0x00000000a1600000, 0x00000000a1700000|  0%| F|  |TAMS 0x00000000a1600000, 0x00000000a1600000| Untracked 
|   9|0x00000000a1700000, 0x00000000a1700000, 0x00000000a1800000|  0%| F|  |TAMS 0x00000000a1700000, 0x00000000a1700000| Untracked 
|  10|0x00000000a1800000, 0x00000000a1800000, 0x00000000a1900000|  0%| F|  |TAMS 0x00000000a1800000, 0x00000000a1800000| Untracked 
|  11|0x00000000a1900000, 0x00000000a1900000, 0x00000000a1a00000|  0%| F|  |TAMS 0x00000000a1900000, 0x00000000a1900000| Untracked 
|  12|0x00000000a1a00000, 0x00000000a1a00000, 0x00000000a1b00000|  0%| F|  |TAMS 0x00000000a1a00000, 0x00000000a1a00000| Untracked 
|  13|0x00000000a1b00000, 0x00000000a1b00000, 0x00000000a1c00000|  0%| F|  |TAMS 0x00000000a1b00000, 0x00000000a1b00000| Untracked 
|  14|0x00000000a1c00000, 0x00000000a1c00000, 0x00000000a1d00000|  0%| F|  |TAMS 0x00000000a1c00000, 0x00000000a1c00000| Untracked 
|  15|0x00000000a1d00000, 0x00000000a1d00000, 0x00000000a1e00000|  0%| F|  |TAMS 0x00000000a1d00000, 0x00000000a1d00000| Untracked 
|  16|0x00000000a1e00000, 0x00000000a1e00000, 0x00000000a1f00000|  0%| F|  |TAMS 0x00000000a1e00000, 0x00000000a1e00000| Untracked 
|  17|0x00000000a1f00000, 0x00000000a1f00000, 0x00000000a2000000|  0%| F|  |TAMS 0x00000000a1f00000, 0x00000000a1f00000| Untracked 
|  18|0x00000000a2000000, 0x00000000a2000000, 0x00000000a2100000|  0%| F|  |TAMS 0x00000000a2000000, 0x00000000a2000000| Untracked 
|  19|0x00000000a2100000, 0x00000000a2100000, 0x00000000a2200000|  0%| F|  |TAMS 0x00000000a2100000, 0x00000000a2100000| Untracked 
|  20|0x00000000a2200000, 0x00000000a2200000, 0x00000000a2300000|  0%| F|  |TAMS 0x00000000a2200000, 0x00000000a2200000| Untracked 
|  21|0x00000000a2300000, 0x00000000a2300000, 0x00000000a2400000|  0%| F|  |TAMS 0x00000000a2300000, 0x00000000a2300000| Untracked 
|  22|0x00000000a2400000, 0x00000000a2400000, 0x00000000a2500000|  0%| F|  |TAMS 0x00000000a2400000, 0x00000000a2400000| Untracked 
|  23|0x00000000a2500000, 0x00000000a2500000, 0x00000000a2600000|  0%| F|  |TAMS 0x00000000a2500000, 0x00000000a2500000| Untracked 
|  24|0x00000000a2600000, 0x00000000a2600000, 0x00000000a2700000|  0%| F|  |TAMS 0x00000000a2600000, 0x00000000a2600000| Untracked 
|  25|0x00000000a2700000, 0x00000000a2700000, 0x00000000a2800000|  0%| F|  |TAMS 0x00000000a2700000, 0x00000000a2700000| Untracked 
|  26|0x00000000a2800000, 0x00000000a2800000, 0x00000000a2900000|  0%| F|  |TAMS 0x00000000a2800000, 0x00000000a2800000| Untracked 
|  27|0x00000000a2900000, 0x00000000a2900000, 0x00000000a2a00000|  0%| F|  |TAMS 0x00000000a2900000, 0x00000000a2900000| Untracked 
|  28|0x00000000a2a00000, 0x00000000a2a00000, 0x00000000a2b00000|  0%| F|  |TAMS 0x00000000a2a00000, 0x00000000a2a00000| Untracked 
|  29|0x00000000a2b00000, 0x00000000a2b00000, 0x00000000a2c00000|  0%| F|  |TAMS 0x00000000a2b00000, 0x00000000a2b00000| Untracked 
|  30|0x00000000a2c00000, 0x00000000a2c00000, 0x00000000a2d00000|  0%| F|  |TAMS 0x00000000a2c00000, 0x00000000a2c00000| Untracked 
|  31|0x00000000a2d00000, 0x00000000a2d00000, 0x00000000a2e00000|  0%| F|  |TAMS 0x00000000a2d00000, 0x00000000a2d00000| Untracked 
|  32|0x00000000a2e00000, 0x00000000a2e00000, 0x00000000a2f00000|  0%| F|  |TAMS 0x00000000a2e00000, 0x00000000a2e00000| Untracked 
|  33|0x00000000a2f00000, 0x00000000a2f00000, 0x00000000a3000000|  0%| F|  |TAMS 0x00000000a2f00000, 0x00000000a2f00000| Untracked 
|  34|0x00000000a3000000, 0x00000000a3000000, 0x00000000a3100000|  0%| F|  |TAMS 0x00000000a3000000, 0x00000000a3000000| Untracked 
|  35|0x00000000a3100000, 0x00000000a3100000, 0x00000000a3200000|  0%| F|  |TAMS 0x00000000a3100000, 0x00000000a3100000| Untracked 
|  36|0x00000000a3200000, 0x00000000a3200000, 0x00000000a3300000|  0%| F|  |TAMS 0x00000000a3200000, 0x00000000a3200000| Untracked 
|  37|0x00000000a3300000, 0x00000000a3300000, 0x00000000a3400000|  0%| F|  |TAMS 0x00000000a3300000, 0x00000000a3300000| Untracked 
|  38|0x00000000a3400000, 0x00000000a3400000, 0x00000000a3500000|  0%| F|  |TAMS 0x00000000a3400000, 0x00000000a3400000| Untracked 
|  39|0x00000000a3500000, 0x00000000a3500000, 0x00000000a3600000|  0%| F|  |TAMS 0x00000000a3500000, 0x00000000a3500000| Untracked 
|  40|0x00000000a3600000, 0x00000000a3600000, 0x00000000a3700000|  0%| F|  |TAMS 0x00000000a3600000, 0x00000000a3600000| Untracked 
|  41|0x00000000a3700000, 0x00000000a3700000, 0x00000000a3800000|  0%| F|  |TAMS 0x00000000a3700000, 0x00000000a3700000| Untracked 
|  42|0x00000000a3800000, 0x00000000a3800000, 0x00000000a3900000|  0%| F|  |TAMS 0x00000000a3800000, 0x00000000a3800000| Untracked 
|  43|0x00000000a3900000, 0x00000000a3900000, 0x00000000a3a00000|  0%| F|  |TAMS 0x00000000a3900000, 0x00000000a3900000| Untracked 
|  44|0x00000000a3a00000, 0x00000000a3a00000, 0x00000000a3b00000|  0%| F|  |TAMS 0x00000000a3a00000, 0x00000000a3a00000| Untracked 
|  45|0x00000000a3b00000, 0x00000000a3b00000, 0x00000000a3c00000|  0%| F|  |TAMS 0x00000000a3b00000, 0x00000000a3b00000| Untracked 
|  46|0x00000000a3c00000, 0x00000000a3c00000, 0x00000000a3d00000|  0%| F|  |TAMS 0x00000000a3c00000, 0x00000000a3c00000| Untracked 
|  47|0x00000000a3d00000, 0x00000000a3d00000, 0x00000000a3e00000|  0%| F|  |TAMS 0x00000000a3d00000, 0x00000000a3d00000| Untracked 
|  48|0x00000000a3e00000, 0x00000000a3e00000, 0x00000000a3f00000|  0%| F|  |TAMS 0x00000000a3e00000, 0x00000000a3e00000| Untracked 
|  49|0x00000000a3f00000, 0x00000000a3f00000, 0x00000000a4000000|  0%| F|  |TAMS 0x00000000a3f00000, 0x00000000a3f00000| Untracked 
|  50|0x00000000a4000000, 0x00000000a4000000, 0x00000000a4100000|  0%| F|  |TAMS 0x00000000a4000000, 0x00000000a4000000| Untracked 
|  51|0x00000000a4100000, 0x00000000a4100000, 0x00000000a4200000|  0%| F|  |TAMS 0x00000000a4100000, 0x00000000a4100000| Untracked 
|  52|0x00000000a4200000, 0x00000000a4200000, 0x00000000a4300000|  0%| F|  |TAMS 0x00000000a4200000, 0x00000000a4200000| Untracked 
|  53|0x00000000a4300000, 0x00000000a4300000, 0x00000000a4400000|  0%| F|  |TAMS 0x00000000a4300000, 0x00000000a4300000| Untracked 
|  54|0x00000000a4400000, 0x00000000a4400000, 0x00000000a4500000|  0%| F|  |TAMS 0x00000000a4400000, 0x00000000a4400000| Untracked 
|  55|0x00000000a4500000, 0x00000000a4500000, 0x00000000a4600000|  0%| F|  |TAMS 0x00000000a4500000, 0x00000000a4500000| Untracked 
|  56|0x00000000a4600000, 0x00000000a4600000, 0x00000000a4700000|  0%| F|  |TAMS 0x00000000a4600000, 0x00000000a4600000| Untracked 
|  57|0x00000000a4700000, 0x00000000a4700000, 0x00000000a4800000|  0%| F|  |TAMS 0x00000000a4700000, 0x00000000a4700000| Untracked 
|  58|0x00000000a4800000, 0x00000000a4800000, 0x00000000a4900000|  0%| F|  |TAMS 0x00000000a4800000, 0x00000000a4800000| Untracked 
|  59|0x00000000a4900000, 0x00000000a4900000, 0x00000000a4a00000|  0%| F|  |TAMS 0x00000000a4900000, 0x00000000a4900000| Untracked 
|  60|0x00000000a4a00000, 0x00000000a4a00000, 0x00000000a4b00000|  0%| F|  |TAMS 0x00000000a4a00000, 0x00000000a4a00000| Untracked 
|  61|0x00000000a4b00000, 0x00000000a4b00000, 0x00000000a4c00000|  0%| F|  |TAMS 0x00000000a4b00000, 0x00000000a4b00000| Untracked 
|  62|0x00000000a4c00000, 0x00000000a4c00000, 0x00000000a4d00000|  0%| F|  |TAMS 0x00000000a4c00000, 0x00000000a4c00000| Untracked 
|  63|0x00000000a4d00000, 0x00000000a4d00000, 0x00000000a4e00000|  0%| F|  |TAMS 0x00000000a4d00000, 0x00000000a4d00000| Untracked 
|  64|0x00000000a4e00000, 0x00000000a4e00000, 0x00000000a4f00000|  0%| F|  |TAMS 0x00000000a4e00000, 0x00000000a4e00000| Untracked 
|  65|0x00000000a4f00000, 0x00000000a4f00000, 0x00000000a5000000|  0%| F|  |TAMS 0x00000000a4f00000, 0x00000000a4f00000| Untracked 
|  66|0x00000000a5000000, 0x00000000a5000000, 0x00000000a5100000|  0%| F|  |TAMS 0x00000000a5000000, 0x00000000a5000000| Untracked 
|  67|0x00000000a5100000, 0x00000000a5100000, 0x00000000a5200000|  0%| F|  |TAMS 0x00000000a5100000, 0x00000000a5100000| Untracked 
|  68|0x00000000a5200000, 0x00000000a5200000, 0x00000000a5300000|  0%| F|  |TAMS 0x00000000a5200000, 0x00000000a5200000| Untracked 
|  69|0x00000000a5300000, 0x00000000a5300000, 0x00000000a5400000|  0%| F|  |TAMS 0x00000000a5300000, 0x00000000a5300000| Untracked 
|  70|0x00000000a5400000, 0x00000000a5400000, 0x00000000a5500000|  0%| F|  |TAMS 0x00000000a5400000, 0x00000000a5400000| Untracked 
|  71|0x00000000a5500000, 0x00000000a5500000, 0x00000000a5600000|  0%| F|  |TAMS 0x00000000a5500000, 0x00000000a5500000| Untracked 
|  72|0x00000000a5600000, 0x00000000a5600000, 0x00000000a5700000|  0%| F|  |TAMS 0x00000000a5600000, 0x00000000a5600000| Untracked 
|  73|0x00000000a5700000, 0x00000000a5700000, 0x00000000a5800000|  0%| F|  |TAMS 0x00000000a5700000, 0x00000000a5700000| Untracked 
|  74|0x00000000a5800000, 0x00000000a5800000, 0x00000000a5900000|  0%| F|  |TAMS 0x00000000a5800000, 0x00000000a5800000| Untracked 
|  75|0x00000000a5900000, 0x00000000a5900000, 0x00000000a5a00000|  0%| F|  |TAMS 0x00000000a5900000, 0x00000000a5900000| Untracked 
|  76|0x00000000a5a00000, 0x00000000a5a00000, 0x00000000a5b00000|  0%| F|  |TAMS 0x00000000a5a00000, 0x00000000a5a00000| Untracked 
|  77|0x00000000a5b00000, 0x00000000a5b00000, 0x00000000a5c00000|  0%| F|  |TAMS 0x00000000a5b00000, 0x00000000a5b00000| Untracked 
|  78|0x00000000a5c00000, 0x00000000a5c00000, 0x00000000a5d00000|  0%| F|  |TAMS 0x00000000a5c00000, 0x00000000a5c00000| Untracked 
|  79|0x00000000a5d00000, 0x00000000a5d00000, 0x00000000a5e00000|  0%| F|  |TAMS 0x00000000a5d00000, 0x00000000a5d00000| Untracked 
|  80|0x00000000a5e00000, 0x00000000a5e00000, 0x00000000a5f00000|  0%| F|  |TAMS 0x00000000a5e00000, 0x00000000a5e00000| Untracked 
|  81|0x00000000a5f00000, 0x00000000a5f00000, 0x00000000a6000000|  0%| F|  |TAMS 0x00000000a5f00000, 0x00000000a5f00000| Untracked 
|  82|0x00000000a6000000, 0x00000000a6000000, 0x00000000a6100000|  0%| F|  |TAMS 0x00000000a6000000, 0x00000000a6000000| Untracked 
|  83|0x00000000a6100000, 0x00000000a6100000, 0x00000000a6200000|  0%| F|  |TAMS 0x00000000a6100000, 0x00000000a6100000| Untracked 
|  84|0x00000000a6200000, 0x00000000a6200000, 0x00000000a6300000|  0%| F|  |TAMS 0x00000000a6200000, 0x00000000a6200000| Untracked 
|  85|0x00000000a6300000, 0x00000000a6300000, 0x00000000a6400000|  0%| F|  |TAMS 0x00000000a6300000, 0x00000000a6300000| Untracked 
|  86|0x00000000a6400000, 0x00000000a6400000, 0x00000000a6500000|  0%| F|  |TAMS 0x00000000a6400000, 0x00000000a6400000| Untracked 
|  87|0x00000000a6500000, 0x00000000a6500000, 0x00000000a6600000|  0%| F|  |TAMS 0x00000000a6500000, 0x00000000a6500000| Untracked 
|  88|0x00000000a6600000, 0x00000000a6600000, 0x00000000a6700000|  0%| F|  |TAMS 0x00000000a6600000, 0x00000000a6600000| Untracked 
|  89|0x00000000a6700000, 0x00000000a6700000, 0x00000000a6800000|  0%| F|  |TAMS 0x00000000a6700000, 0x00000000a6700000| Untracked 
|  90|0x00000000a6800000, 0x00000000a6800000, 0x00000000a6900000|  0%| F|  |TAMS 0x00000000a6800000, 0x00000000a6800000| Untracked 
|  91|0x00000000a6900000, 0x00000000a6900000, 0x00000000a6a00000|  0%| F|  |TAMS 0x00000000a6900000, 0x00000000a6900000| Untracked 
|  92|0x00000000a6a00000, 0x00000000a6a00000, 0x00000000a6b00000|  0%| F|  |TAMS 0x00000000a6a00000, 0x00000000a6a00000| Untracked 
|  93|0x00000000a6b00000, 0x00000000a6b00000, 0x00000000a6c00000|  0%| F|  |TAMS 0x00000000a6b00000, 0x00000000a6b00000| Untracked 
|  94|0x00000000a6c00000, 0x00000000a6cc8320, 0x00000000a6d00000| 78%| E|  |TAMS 0x00000000a6c00000, 0x00000000a6c00000| Complete 
|  95|0x00000000a6d00000, 0x00000000a6e00000, 0x00000000a6e00000|100%| E|CS|TAMS 0x00000000a6d00000, 0x00000000a6d00000| Complete 

Card table byte_map: [0x00000168cb780000,0x00000168cba80000] _byte_map_base: 0x00000168cb279000

Marking Bits (Prev, Next): (CMBitMap*) 0x00000168b4cb2f60, (CMBitMap*) 0x00000168b4cb2fa0
 Prev Bits: [0x00000168cbd80000, 0x00000168cd548000)
 Next Bits: [0x00000168cd550000, 0x00000168ced18000)

Polling page: 0x00000168b2ad0000

Metaspace:

Usage:
  Non-class:    185.95 KB used.
      Class:      5.60 KB used.
       Both:    191.55 KB used.

Virtual space:
  Non-class space:        8.00 MB reserved,     256.00 KB (  3%) committed,  1 nodes.
      Class space:        1.00 GB reserved,     128.00 KB ( <1%) committed,  1 nodes.
             Both:        1.01 GB reserved,     384.00 KB ( <1%) committed. 

Chunk freelists:
   Non-Class:  4.00 MB
       Class:  3.75 MB
        Both:  7.75 MB

MaxMetaspaceSize: unlimited
CompressedClassSpaceSize: 1.00 GB
Initial GC threshold: 21.00 MB
Current GC threshold: 21.00 MB
CDS: on
MetaspaceReclaimPolicy: balanced
 - commit_granule_bytes: 65536.
 - commit_granule_words: 8192.
 - virtual_space_node_default_size: 1048576.
 - enlarge_chunks_in_place: 1.
 - new_chunks_are_fully_committed: 0.
 - uncommit_free_chunks: 1.
 - use_allocation_guard: 0.
 - handle_deallocations: 1.


Internal statistics:

num_allocs_failed_limit: 0.
num_arena_births: 4.
num_arena_deaths: 0.
num_vsnodes_births: 2.
num_vsnodes_deaths: 0.
num_space_committed: 6.
num_space_uncommitted: 0.
num_chunks_returned_to_freelist: 0.
num_chunks_taken_from_freelist: 5.
num_chunk_merges: 0.
num_chunk_splits: 2.
num_chunks_enlarged: 1.
num_purges: 0.
num_inconsistent_stats: 0.

CodeHeap 'non-profiled nmethods': size=120000Kb used=43Kb max_used=43Kb free=119956Kb
 bounds [0x00000168c3f50000, 0x00000168c41c0000, 0x00000168cb480000]
CodeHeap 'profiled nmethods': size=120000Kb used=87Kb max_used=87Kb free=119912Kb
 bounds [0x00000168bca20000, 0x00000168bcc90000, 0x00000168c3f50000]
CodeHeap 'non-nmethods': size=5760Kb used=1068Kb max_used=1084Kb free=4691Kb
 bounds [0x00000168bc480000, 0x00000168bc6f0000, 0x00000168bca20000]
 total_blobs=442 nmethods=107 adapters=248
 compilation: enabled
              stopped_count=0, restarted_count=0
 full_count=0

Compilation events (20 events):
Event: 0.234 Thread 0x00000168d117cc60   92       4       java.lang.String::hashCode (60 bytes)
Event: 0.234 Thread 0x00000168d117d700   94       3       java.lang.StringLatin1::lastIndexOf (125 bytes)
Event: 0.234 Thread 0x00000168d117d700 nmethod 94 0x00000168bca32e10 code [0x00000168bca32fe0, 0x00000168bca33478]
Event: 0.234 Thread 0x00000168d117d700   95       3       java.util.HashMap$HashIterator::<init> (79 bytes)
Event: 0.235 Thread 0x00000168d117d700 nmethod 95 0x00000168bca33710 code [0x00000168bca338c0, 0x00000168bca33cf8]
Event: 0.235 Thread 0x00000168d117d700   96       3       java.util.ImmutableCollections$Set12$1::next (95 bytes)
Event: 0.235 Thread 0x00000168d117d700 nmethod 96 0x00000168bca33e90 code [0x00000168bca34040, 0x00000168bca342c8]
Event: 0.235 Thread 0x00000168d117d700   97       3       java.util.AbstractSet::<init> (5 bytes)
Event: 0.235 Thread 0x00000168d117d700 nmethod 97 0x00000168bca34410 code [0x00000168bca345c0, 0x00000168bca34778]
Event: 0.235 Thread 0x00000168d117d700  102       3       java.util.Objects::equals (23 bytes)
Event: 0.235 Thread 0x00000168d117d700 nmethod 102 0x00000168bca34890 code [0x00000168bca34a40, 0x00000168bca34cc8]
Event: 0.235 Thread 0x00000168d117d700  103       3       java.lang.module.ResolvedModule::hashCode (16 bytes)
Event: 0.235 Thread 0x00000168d117d700 nmethod 103 0x00000168bca34d90 code [0x00000168bca34f40, 0x00000168bca35178]
Event: 0.235 Thread 0x00000168d117d700  106       3       java.util.concurrent.ConcurrentHashMap::tabAt (22 bytes)
Event: 0.235 Thread 0x00000168d117d700 nmethod 106 0x00000168bca35290 code [0x00000168bca35440, 0x00000168bca35738]
Event: 0.235 Thread 0x00000168d117d700  107       3       jdk.internal.misc.Unsafe::getReferenceAcquire (7 bytes)
Event: 0.236 Thread 0x00000168d117d700 nmethod 107 0x00000168bca35810 code [0x00000168bca359a0, 0x00000168bca35b18]
Event: 0.236 Thread 0x00000168d117d700  109       3       java.util.concurrent.ConcurrentHashMap::spread (10 bytes)
Event: 0.236 Thread 0x00000168d117d700 nmethod 109 0x00000168bca35b90 code [0x00000168bca35d20, 0x00000168bca35e18]
Event: 0.236 Thread 0x00000168d117d700  110       3       java.util.concurrent.ConcurrentHashMap::addCount (280 bytes)

GC Heap History (0 events):
No events

Deoptimization events (0 events):
No events

Classes unloaded (0 events):
No events

Classes redefined (0 events):
No events

Internal exceptions (0 events):
No events

VM Operations (0 events):
No events

Events (19 events):
Event: 0.015 Loaded shared library C:\Users\fille\.jdks\openjdk-17.0.1\bin\java.dll
Event: 0.033 Loaded shared library C:\Users\fille\.jdks\openjdk-17.0.1\bin\svml.dll
Event: 0.033 Thread 0x00000168b4c81480 Thread added: 0x00000168b4c81480
Event: 0.052 Thread 0x00000168b4d4fe30 Thread added: 0x00000168b4d4fe30
Event: 0.053 Thread 0x00000168b4d50ca0 Thread added: 0x00000168b4d50ca0
Event: 0.086 loading class sun/nio/cs/MS1251
Event: 0.086 loading class sun/nio/cs/MS1251 done
Event: 0.087 loading class sun/nio/cs/MS1251$Holder
Event: 0.087 loading class sun/nio/cs/MS1251$Holder done
Event: 0.091 loading class sun/nio/cs/UTF_8$Encoder
Event: 0.091 loading class sun/nio/cs/UTF_8$Encoder done
Event: 0.094 Thread 0x00000168d11781a0 Thread added: 0x00000168d11781a0
Event: 0.094 Thread 0x00000168d1179b60 Thread added: 0x00000168d1179b60
Event: 0.094 Thread 0x00000168d117a510 Thread added: 0x00000168d117a510
Event: 0.094 Thread 0x00000168d117bed0 Thread added: 0x00000168d117bed0
Event: 0.094 Thread 0x00000168d117cc60 Thread added: 0x00000168d117cc60
Event: 0.098 Thread 0x00000168d117d700 Thread added: 0x00000168d117d700
Event: 0.117 Thread 0x00000168d11f3ef0 Thread added: 0x00000168d11f3ef0
Event: 0.178 Thread 0x00000168d116cd40 Thread added: 0x00000168d116cd40


Dynamic libraries:
0x00007ff6db920000 - 0x00007ff6db92e000 	C:\Users\fille\.jdks\openjdk-17.0.1\bin\java.exe
0x00007ffc91a60000 - 0x00007ffc91c67000 	C:\Windows\SYSTEM32\ntdll.dll
0x00007ffc90640000 - 0x00007ffc906fd000 	C:\Windows\System32\KERNEL32.DLL
0x00007ffc8f110000 - 0x00007ffc8f484000 	C:\Windows\System32\KERNELBASE.dll
0x00007ffc8efc0000 - 0x00007ffc8f0d1000 	C:\Windows\System32\ucrtbase.dll
0x00007ffc89e50000 - 0x00007ffc89e68000 	C:\Users\fille\.jdks\openjdk-17.0.1\bin\jli.dll
0x00007ffc90410000 - 0x00007ffc905bc000 	C:\Windows\System32\USER32.dll
0x00007ffc8f0e0000 - 0x00007ffc8f106000 	C:\Windows\System32\win32u.dll
0x00007ffc91870000 - 0x00007ffc91899000 	C:\Windows\System32\GDI32.dll
0x00007ffc8f600000 - 0x00007ffc8f712000 	C:\Windows\System32\gdi32full.dll
0x00007ffc8f720000 - 0x00007ffc8f7bd000 	C:\Windows\System32\msvcp_win.dll
0x00007ffc88040000 - 0x00007ffc8805a000 	C:\Users\fille\.jdks\openjdk-17.0.1\bin\VCRUNTIME140.dll
0x00007ffc7c6e0000 - 0x00007ffc7c985000 	C:\Windows\WinSxS\amd64_microsoft.windows.common-controls_6595b64144ccf1df_6.0.22000.120_none_9d947278b86cc467\COMCTL32.dll
0x00007ffc91050000 - 0x00007ffc910f3000 	C:\Windows\System32\msvcrt.dll
0x00007ffc8ff00000 - 0x00007ffc8ff31000 	C:\Windows\System32\IMM32.DLL
0x00007ffc8cf10000 - 0x00007ffc8cf1c000 	C:\Users\fille\.jdks\openjdk-17.0.1\bin\vcruntime140_1.dll
0x00007ffc749c0000 - 0x00007ffc74a4d000 	C:\Users\fille\.jdks\openjdk-17.0.1\bin\msvcp140.dll
0x00007ffc58690000 - 0x00007ffc5924e000 	C:\Users\fille\.jdks\openjdk-17.0.1\bin\server\jvm.dll
0x00007ffc8fcf0000 - 0x00007ffc8fd9c000 	C:\Windows\System32\ADVAPI32.dll
0x00007ffc91360000 - 0x00007ffc913fd000 	C:\Windows\System32\sechost.dll
0x00007ffc8f970000 - 0x00007ffc8fa91000 	C:\Windows\System32\RPCRT4.dll
0x00007ffc91100000 - 0x00007ffc91108000 	C:\Windows\System32\PSAPI.DLL
0x00007ffc7ba60000 - 0x00007ffc7ba69000 	C:\Windows\SYSTEM32\WSOCK32.dll
0x00007ffc905c0000 - 0x00007ffc9062f000 	C:\Windows\System32\WS2_32.dll
0x00007ffc89330000 - 0x00007ffc89363000 	C:\Windows\SYSTEM32\WINMM.dll
0x00007ffc8ce70000 - 0x00007ffc8ce7a000 	C:\Windows\SYSTEM32\VERSION.dll
0x00007ffc8e060000 - 0x00007ffc8e078000 	C:\Windows\SYSTEM32\kernel.appcore.dll
0x00007ffc8cef0000 - 0x00007ffc8cefa000 	C:\Users\fille\.jdks\openjdk-17.0.1\bin\jimage.dll
0x00007ffc85250000 - 0x00007ffc85471000 	C:\Windows\SYSTEM32\DBGHELP.DLL
0x00007ffc79520000 - 0x00007ffc79551000 	C:\Windows\SYSTEM32\dbgcore.DLL
0x00007ffc8ef40000 - 0x00007ffc8efc0000 	C:\Windows\System32\bcryptPrimitives.dll
0x00007ffc8cc00000 - 0x00007ffc8cc0e000 	C:\Users\fille\.jdks\openjdk-17.0.1\bin\instrument.dll
0x00007ffc81c70000 - 0x00007ffc81c95000 	C:\Users\fille\.jdks\openjdk-17.0.1\bin\java.dll
0x00007ffc65d10000 - 0x00007ffc65de6000 	C:\Users\fille\.jdks\openjdk-17.0.1\bin\svml.dll
0x00007ffc90700000 - 0x00007ffc90eae000 	C:\Windows\System32\SHELL32.dll
0x00007ffc8d0e0000 - 0x00007ffc8d947000 	C:\Windows\SYSTEM32\windows.storage.dll
0x00007ffc91400000 - 0x00007ffc91778000 	C:\Windows\System32\combase.dll
0x00007ffc8cf70000 - 0x00007ffc8d0d6000 	C:\Windows\SYSTEM32\wintypes.dll
0x00007ffc8fe10000 - 0x00007ffc8fefa000 	C:\Windows\System32\SHCORE.dll
0x00007ffc8fdb0000 - 0x00007ffc8fe0d000 	C:\Windows\System32\shlwapi.dll
0x00007ffc8ee70000 - 0x00007ffc8ee91000 	C:\Windows\SYSTEM32\profapi.dll
0x00007ffc81b70000 - 0x00007ffc81b88000 	C:\Users\fille\.jdks\openjdk-17.0.1\bin\zip.dll

dbghelp: loaded successfully - version: 4.0.5 - missing functions: none
symbol engine: initialized successfully - sym options: 0x614 - pdb path: .;C:\Users\fille\.jdks\openjdk-17.0.1\bin;C:\Windows\SYSTEM32;C:\Windows\WinSxS\amd64_microsoft.windows.common-controls_6595b64144ccf1df_6.0.22000.120_none_9d947278b86cc467;C:\Users\fille\.jdks\openjdk-17.0.1\bin\server

VM Arguments:
jvm_args: -javaagent:C:\Program Files\JetBrains\IntelliJ IDEA 2021.2.3\lib\idea_rt.jar=54506:C:\Program Files\JetBrains\IntelliJ IDEA 2021.2.3\bin -Dfile.encoding=UTF-8 
java_command: com.prilis.CallStat
java_class_path (initial): D:\institute\ÏðèëÈÑ\Lab5Homework\out\production\Lab5Homework;D:\institute\ÏðèëÈÑ\Lab5Homework\src\com\prilis\mysql-connector-java-8.0.27.jar
Launcher Type: SUN_STANDARD

[Global flags]
     intx CICompilerCount                          = 3                                         {product} {ergonomic}
     uint ConcGCThreads                            = 1                                         {product} {ergonomic}
     uint G1ConcRefinementThreads                  = 4                                         {product} {ergonomic}
   size_t G1HeapRegionSize                         = 1048576                                   {product} {ergonomic}
    uintx GCDrainStackTargetSize                   = 64                                        {product} {ergonomic}
   size_t InitialHeapSize                          = 100663296                                 {product} {ergonomic}
   size_t MarkStackSize                            = 4194304                                   {product} {ergonomic}
   size_t MaxHeapSize                              = 1595932672                                {product} {ergonomic}
   size_t MaxNewSize                               = 957349888                                 {product} {ergonomic}
   size_t MinHeapDeltaBytes                        = 1048576                                   {product} {ergonomic}
   size_t MinHeapSize                              = 8388608                                   {product} {ergonomic}
    uintx NonNMethodCodeHeapSize                   = 5832780                                {pd product} {ergonomic}
    uintx NonProfiledCodeHeapSize                  = 122912730                              {pd product} {ergonomic}
    uintx ProfiledCodeHeapSize                     = 122912730                              {pd product} {ergonomic}
    uintx ReservedCodeCacheSize                    = 251658240                              {pd product} {ergonomic}
     bool SegmentedCodeCache                       = true                                      {product} {ergonomic}
   size_t SoftMaxHeapSize                          = 1595932672                             {manageable} {ergonomic}
     bool UseCompressedClassPointers               = true                           {product lp64_product} {ergonomic}
     bool UseCompressedOops                        = true                           {product lp64_product} {ergonomic}
     bool UseG1GC                                  = true                                      {product} {ergonomic}
     bool UseLargePagesIndividualAllocation        = false                                  {pd product} {ergonomic}

Logging:
Log output configuration:
 #0: stdout all=warning uptime,level,tags
 #1: stderr all=off uptime,level,tags

Environment Variables:
PATH=C:\Windows\system32;C:\Windows;C:\Windows\System32\Wbem;C:\Windows\System32\WindowsPowerShell\v1.0\;C:\Windows\System32\OpenSSH\;C:\Program Files\Git\cm;C:\Program Files\MySQL\MySQL Shell 8.0\bin\;C:\Users\fille\AppData\Local\Programs\Python\Python310\Scripts\;C:\Users\fille\AppData\Local\Programs\Python\Python310\;C:\Users\fille\AppData\Local\Microsoft\WindowsApps;;C:\Program Files\JetBrains\IntelliJ IDEA 2021.2.3\bin;;C:\Program Files\JetBrains\PyCharm 2021.2.3\bin;
USERNAME=fille
OS=Windows_NT
PROCESSOR_IDENTIFIER=AMD64 Family 23 Model 24 Stepping 1, AuthenticAMD



---------------  S Y S T E M  ---------------

OS:
 Windows 10 , 64 bit Build 22000 (10.0.22000.318)
OS uptime: 7 days 2:37 hours

CPU: total 4 (initial active 4) (4 cores per cpu, 2 threads per core) family 23 model 24 stepping 1 microcode 0x0, cx8, cmov, fxsr, ht, mmx, 3dnowpref, sse, sse2, sse3, ssse3, sse4a, sse4.1, sse4.2, popcnt, lzcnt, tsc, tscinvbit, avx, avx2, aes, clmul, bmi1, bmi2, adx, sha, fma, vzeroupper, clflush, clflushopt

Memory: 4k page, system-wide physical 6082M (580M free)
TotalPageFile size 17332M (AvailPageFile size 5M)
current process WorkingSet (physical memory assigned to process): 29M, peak: 29M
current process commit charge ("private bytes"): 168M, peak: 168M

vm_info: OpenJDK 64-Bit Server VM (17.0.1+12-39) for windows-amd64 JRE (17.0.1+12-39), built on Sep 27 2021 18:39:29 by "mach5one" with MS VC++ 16.8 (VS2019)

END.
